<?xml version="1.0" encoding="UTF-8"?>
<!-- Generated by org.testng.reporters.JUnitReportReporter -->
<testsuite hostname="Siva-Singanapalli" failures="0" tests="1" name="testcases.LoginTest" time="2.383" errors="0" timestamp="2024-12-04T22:49:19 IST" skipped="0">
  <testcase classname="testcases.LoginTest" name="testLogin" time="2.383"/>
  <system-out/>
</testsuite> <!-- testcases.LoginTest -->
