<?xml version="1.0" encoding="UTF-8"?>
<!-- Generated by org.testng.reporters.JUnitReportReporter -->
<testsuite hostname="Siva-Singanapalli" failures="0" tests="1" name="NewTest" time="0.004" errors="0" timestamp="2024-12-04T23:07:56 IST" skipped="0">
  <testcase classname="NewTest" name="f" time="0.004"/>
  <system-out/>
</testsuite> <!-- NewTest -->
